<?xml version="1.0" encoding="UTF-8"?>
<!-- Generated by org.testng.reporters.JUnitReportReporter -->
<testsuite hostname="Windows-Rengarajan" failures="0" tests="1" name="DSalgoTestCases.FinalTestCase" time="70.647" errors="0" timestamp="2022-10-19T01:09:46 EDT" skipped="0">
  <testcase classname="DSalgoTestCases.FinalTestCase" name="finalTest" time="70.647"/>
  <system-out/>
</testsuite> <!-- DSalgoTestCases.FinalTestCase -->
