<?xml version="1.0" encoding="UTF-8"?>
<!-- Generated by org.testng.reporters.JUnitReportReporter -->
<testsuite hostname="Windows-Rengarajan" failures="0" tests="1" name="DSalgoTestCases.ArrayPage" time="40.473" errors="0" timestamp="2022-12-23T11:52:59 EST" skipped="0">
  <testcase classname="DSalgoTestCases.ArrayPage" name="array" time="40.473"/>
  <system-out/>
</testsuite> <!-- DSalgoTestCases.ArrayPage -->
