<?xml version="1.0" encoding="UTF-8"?>
<!-- Generated by org.testng.reporters.JUnitReportReporter -->
<testsuite hostname="Windows-Rengarajan" failures="0" tests="1" name="DSalgoTestCases.GraphTests" time="8.434" errors="0" timestamp="2022-12-23T11:52:59 EST" skipped="0">
  <testcase classname="DSalgoTestCases.GraphTests" name="graph" time="8.434"/>
  <system-out/>
</testsuite> <!-- DSalgoTestCases.GraphTests -->
