<?xml version="1.0" encoding="UTF-8"?>
<!-- Generated by org.testng.reporters.JUnitReportReporter -->
<testsuite hostname="Windows-Rengarajan" failures="0" tests="1" name="DSalgoTestCases.TC_LoginTest" time="0.940" errors="0" timestamp="2022-10-18T17:06:56 EDT" skipped="0">
  <testcase classname="DSalgoTestCases.TC_LoginTest" name="Login" time="0.940"/>
  <system-out/>
</testsuite> <!-- DSalgoTestCases.TC_LoginTest -->
