<?xml version="1.0" encoding="UTF-8"?>
<!-- Generated by org.testng.reporters.JUnitReportReporter -->
<testsuite hostname="Windows-Rengarajan" failures="0" tests="5" name="DSalgoTestCases.LoginTest" time="5.074" errors="0" timestamp="2022-10-25T16:47:37 EDT" skipped="0">
  <testcase classname="DSalgoTestCases.LoginTest" name="loginData" time="1.368"/>
  <system-out/>
  <testcase classname="DSalgoTestCases.LoginTest" name="loginData" time="0.874"/>
  <system-out/>
  <testcase classname="DSalgoTestCases.LoginTest" name="loginData" time="0.895"/>
  <system-out/>
  <testcase classname="DSalgoTestCases.LoginTest" name="loginData" time="1.058"/>
  <system-out/>
  <testcase classname="DSalgoTestCases.LoginTest" name="loginData" time="0.879"/>
  <system-out/>
</testsuite> <!-- DSalgoTestCases.LoginTest -->
