<?xml version="1.0" encoding="UTF-8"?>
<!-- Generated by org.testng.reporters.JUnitReportReporter -->
<testsuite hostname="Windows-Rengarajan" failures="0" tests="1" name="DSalgoTestCases.SignOutTestCase" time="1.395" errors="0" timestamp="2022-10-11T21:31:52 EDT" skipped="0">
  <testcase classname="DSalgoTestCases.SignOutTestCase" name="signout" time="1.395"/>
  <system-out/>
</testsuite> <!-- DSalgoTestCases.SignOutTestCase -->
