<?xml version="1.0" encoding="UTF-8"?>
<!-- Generated by org.testng.reporters.JUnitReportReporter -->
<testsuite hostname="Windows-Rengarajan" failures="0" tests="4" name="DSalgoTestCases.RegisterTest" time="11.993" errors="0" timestamp="2022-12-22T14:29:46 EST" skipped="0">
  <testcase classname="DSalgoTestCases.RegisterTest" name="Reg" time="2.934"/>
  <system-out/>
  <testcase classname="DSalgoTestCases.RegisterTest" name="Reg" time="3.073"/>
  <system-out/>
  <testcase classname="DSalgoTestCases.RegisterTest" name="Reg" time="3.154"/>
  <system-out/>
  <testcase classname="DSalgoTestCases.RegisterTest" name="Reg" time="2.832"/>
  <system-out/>
</testsuite> <!-- DSalgoTestCases.RegisterTest -->
